<?xml version="1.0" encoding="UTF-8"?>
<testsuite xmlns:xsi="http://www.w3.org/2001/XMLSchema-instance" xsi:noNamespaceSchemaLocation="https://maven.apache.org/surefire/maven-surefire-plugin/xsd/surefire-test-report-3.0.xsd" version="3.0" name="com.shopnow.userms.UserMsApplicationTests" time="4.023" tests="1" errors="0" skipped="0" failures="0">
  <properties>
[...]
</properties>
  <testcase name="contextLoads" classname="com.shopnow.userms.UserMsApplicationTests" time="0.434">
    <system-out><![CDATA[00:23:35.114 [main] INFO org.springframework.test.context.support.AnnotationConfigContextLoaderUtils -- Could not detect default configuration classes for test class [com.shopnow.userms.UserMsApplicationTests]: UserMsApplicationTests does not declare any static, non-private, non-final, nested classes annotated with @Configuration.
00:23:35.190 [main] INFO org.springframework.boot.test.context.SpringBootTestContextBootstrapper -- Found @SpringBootConfiguration com.shopnow.userms.UserMsApplication for test class com.shopnow.userms.UserMsApplicationTests

  .   ____          _            __ _ _
 /\\ / ___'_ __ _ _(_)_ __  __ _ \ \ \ \
( ( )\___ | '_ | '_| | '_ \/ _` | \ \ \ \
 \\/  ___)| |_)| | | | | || (_| |  ) ) ) )
  '  |____| .__|_| |_|_| |_\__, | / / / /
 =========|_|==============|___/=/_/_/_/
 :: Spring Boot ::                (v3.2.3)

2024-03-21T00:23:35.487-04:00  INFO 133705 --- [user-ms] [           main] c.shopnow.userms.UserMsApplicationTests  : Starting UserMsApplicationTests using Java 18.0.2-ea with PID 133705 (started by rafael in /home/rafael/workspace/shop-now/user-ms)
2024-03-21T00:23:35.488-04:00  INFO 133705 --- [user-ms] [           main] c.shopnow.userms.UserMsApplicationTests  : No active profile set, falling back to 1 default profile: "default"
2024-03-21T00:23:35.995-04:00  INFO 133705 --- [user-ms] [           main] .s.d.r.c.RepositoryConfigurationDelegate : Bootstrapping Spring Data JPA repositories in DEFAULT mode.
2024-03-21T00:23:36.037-04:00  INFO 133705 --- [user-ms] [           main] .s.d.r.c.RepositoryConfigurationDelegate : Finished Spring Data repository scanning in 36 ms. Found 2 JPA repository interfaces.
2024-03-21T00:23:36.386-04:00  INFO 133705 --- [user-ms] [           main] o.hibernate.jpa.internal.util.LogHelper  : HHH000204: Processing PersistenceUnitInfo [name: default]
2024-03-21T00:23:36.418-04:00  INFO 133705 --- [user-ms] [           main] org.hibernate.Version                    : HHH000412: Hibernate ORM core version 6.4.4.Final
2024-03-21T00:23:36.445-04:00  INFO 133705 --- [user-ms] [           main] o.h.c.internal.RegionFactoryInitiator    : HHH000026: Second-level cache disabled
2024-03-21T00:23:36.597-04:00  INFO 133705 --- [user-ms] [           main] o.s.o.j.p.SpringPersistenceUnitInfo      : No LoadTimeWeaver setup: ignoring JPA class transformer
2024-03-21T00:23:36.615-04:00  INFO 133705 --- [user-ms] [           main] com.zaxxer.hikari.HikariDataSource       : HikariPool-1 - Starting...
2024-03-21T00:23:36.754-04:00  INFO 133705 --- [user-ms] [           main] com.zaxxer.hikari.pool.HikariPool        : HikariPool-1 - Added connection org.postgresql.jdbc.PgConnection@30ec211a
2024-03-21T00:23:36.755-04:00  INFO 133705 --- [user-ms] [           main] com.zaxxer.hikari.HikariDataSource       : HikariPool-1 - Start completed.
2024-03-21T00:23:36.776-04:00  WARN 133705 --- [user-ms] [           main] org.hibernate.orm.deprecation            : HHH90000025: PostgreSQLDialect does not need to be specified explicitly using 'hibernate.dialect' (remove the property setting and it will be selected by default)
2024-03-21T00:23:37.466-04:00  INFO 133705 --- [user-ms] [           main] o.h.e.t.j.p.i.JtaPlatformInitiator       : HHH000489: No JTA platform available (set 'hibernate.transaction.jta.platform' to enable JTA platform integration)
Hibernate: 
    alter table if exists users 
       drop constraint if exists UK6dotkott2kjsp8vw4d0m25fb7
2024-03-21T00:23:37.505-04:00  WARN 133705 --- [user-ms] [           main] o.h.engine.jdbc.spi.SqlExceptionHelper   : SQL Warning Code: 0, SQLState: 00000
2024-03-21T00:23:37.506-04:00  WARN 133705 --- [user-ms] [           main] o.h.engine.jdbc.spi.SqlExceptionHelper   : constraint "uk6dotkott2kjsp8vw4d0m25fb7" of relation "users" does not exist, skipping
Hibernate: 
    alter table if exists users 
       add constraint UK6dotkott2kjsp8vw4d0m25fb7 unique (email)
2024-03-21T00:23:37.535-04:00  INFO 133705 --- [user-ms] [           main] j.LocalContainerEntityManagerFactoryBean : Initialized JPA EntityManagerFactory for persistence unit 'default'
2024-03-21T00:23:37.796-04:00  INFO 133705 --- [user-ms] [           main] o.s.d.j.r.query.QueryEnhancerFactory     : Hibernate is in classpath; If applicable, HQL parser will be used.
2024-03-21T00:23:38.312-04:00  INFO 133705 --- [user-ms] [           main] o.s.s.web.DefaultSecurityFilterChain     : Will secure any request with [org.springframework.security.web.session.DisableEncodeUrlFilter@5d160056, org.springframework.security.web.context.request.async.WebAsyncManagerIntegrationFilter@2c555efb, org.springframework.security.web.context.SecurityContextHolderFilter@470fc16c, org.springframework.security.web.header.HeaderWriterFilter@7018636a, org.springframework.web.filter.CorsFilter@17796f47, org.springframework.security.web.authentication.logout.LogoutFilter@4ac2b4c6, com.shopnow.userms.conf.AuthTokenFilter@274b0c2a, org.springframework.security.web.savedrequest.RequestCacheAwareFilter@56dae6, org.springframework.security.web.servletapi.SecurityContextHolderAwareRequestFilter@57fe6f2d, org.springframework.security.web.authentication.AnonymousAuthenticationFilter@369f85c6, org.springframework.security.web.session.SessionManagementFilter@760b9444, org.springframework.security.web.access.ExceptionTranslationFilter@11eb8842, org.springframework.security.web.access.intercept.AuthorizationFilter@1c8da7e8]
2024-03-21T00:23:38.574-04:00  INFO 133705 --- [user-ms] [           main] c.shopnow.userms.UserMsApplicationTests  : Started UserMsApplicationTests in 3.291 seconds (process running for 3.996)
]]></system-out>
  </testcase>
</testsuite>